This file contains any messages produced by compilers while
running configure, to aid debugging if configure makes a mistake.

It was created by configure, which was
generated by GNU Autoconf 2.69.  Invocation command line was

  $ ./configure --disable-ecl --disable-edp --with-bpq --disable-debug --disable-debug-locking --disable-debug-memory

## --------- ##
## Platform. ##
## --------- ##

hostname = galileo
uname -m = i586
uname -r = 3.18.0-yocto-standard
uname -s = Linux
uname -v = #3 Tue Jun 21 18:54:19 CST 2016

/usr/bin/uname -p = unknown
/bin/uname -X     = unknown

/bin/arch              = unknown
/usr/bin/arch -k       = unknown
/usr/convex/getsysinfo = unknown
/usr/bin/hostinfo      = unknown
/bin/machine           = unknown
/usr/bin/oslevel       = unknown
/bin/universe          = unknown

PATH: /usr/local/bin
PATH: /usr/bin
PATH: /bin
PATH: /usr/local/sbin
PATH: /usr/sbin
PATH: /sbin


## ----------- ##
## Core tests. ##
## ----------- ##

configure:2424: checking location of source directory
configure:2427: result: "/home/root/DTN2"
configure:2432: checking location of build directory
configure:2434: result: "/home/root/DTN2"
configure:2523: checking for gcc
configure:2539: found /usr/bin/gcc
configure:2550: result: gcc
configure:2779: checking for C compiler version
configure:2788: gcc --version >&5
gcc (GCC) 4.9.1
Copyright (C) 2014 Free Software Foundation, Inc.
This is free software; see the source for copying conditions.  There is NO
warranty; not even for MERCHANTABILITY or FITNESS FOR A PARTICULAR PURPOSE.

configure:2799: $? = 0
configure:2788: gcc -v >&5
Using built-in specs.
COLLECT_GCC=gcc
COLLECT_LTO_WRAPPER=/usr/lib/gcc/gcc/i586-poky-linux/4.9.1/lto-wrapper
Target: i586-poky-linux
Configured with: /home/pokybuild/yocto-autobuilder/yocto-worker/quark-multilib/build/build/tmp/work-shared/gcc-4.9.1-r0/gcc-4.9.1/configure --build=x86_64-linux --host=i586-poky-linux --target=i586-poky-linux --prefix=/usr --exec_prefix=/usr --bindir=/usr/bin --sbindir=/usr/sbin --libexecdir=/usr/lib/gcc --datadir=/usr/share --sysconfdir=/etc --sharedstatedir=/com --localstatedir=/var --libdir=/usr/lib --includedir=/usr/include --oldincludedir=/usr/include --infodir=/usr/share/info --mandir=/usr/share/man --disable-silent-rules --disable-dependency-tracking --with-libtool-sysroot=/home/pokybuild/yocto-autobuilder/yocto-worker/quark-multilib/build/build/tmp/sysroots/quark --with-gnu-ld --enable-shared --enable-languages=c,c++ --enable-threads=posix --enable-multilib --enable-c99 --enable-long-long --enable-symvers=gnu --enable-libstdcxx-pch --program-prefix=i586-poky-linux- --without-local-prefix --enable-target-optspace --enable-lto --enable-libssp --disable-bootstrap --disable-libmudflap --with-system-zlib --with-linker-hash-style=gnu --enable-linker-build-id --with-ppl=no --with-cloog=no --enable-checking=release --enable-cheaders=c_global --with-sysroot=/ --with-build-sysroot=/home/pokybuild/yocto-autobuilder/yocto-worker/quark-multilib/build/build/tmp/sysroots/quark --with-native-system-header-dir=/home/pokybuild/yocto-autobuilder/yocto-worker/quark-multilib/build/build/tmp/sysroots/quark/usr/include --with-gxx-include-dir=/usr/include/c++/4.9.1 --enable-targets=all --enable-nls --enable-__cxa_atexit
Thread model: posix
gcc version 4.9.1 (GCC) 
configure:2799: $? = 0
configure:2788: gcc -V >&5
gcc: error: unrecognized command line option '-V'
gcc: fatal error: no input files
compilation terminated.
configure:2799: $? = 1
configure:2788: gcc -qversion >&5
gcc: error: unrecognized command line option '-qversion'
gcc: fatal error: no input files
compilation terminated.
configure:2799: $? = 1
configure:2819: checking whether the C compiler works
configure:2841: gcc    conftest.c  >&5
configure:2845: $? = 0
configure:2893: result: yes
configure:2896: checking for C compiler default output file name
configure:2898: result: a.out
configure:2904: checking for suffix of executables
configure:2911: gcc -o conftest    conftest.c  >&5
configure:2915: $? = 0
configure:2937: result: 
configure:2959: checking whether we are cross compiling
configure:2967: gcc -o conftest    conftest.c  >&5
configure:2971: $? = 0
configure:2978: ./conftest
configure:2982: $? = 0
configure:2997: result: no
configure:3002: checking for suffix of object files
configure:3024: gcc -c   conftest.c >&5
configure:3028: $? = 0
configure:3049: result: o
configure:3053: checking whether we are using the GNU C compiler
configure:3072: gcc -c   conftest.c >&5
configure:3072: $? = 0
configure:3081: result: yes
configure:3090: checking whether gcc accepts -g
configure:3110: gcc -c -g  conftest.c >&5
configure:3110: $? = 0
configure:3151: result: yes
configure:3168: checking for gcc option to accept ISO C89
configure:3231: gcc  -c -g -O2  conftest.c >&5
configure:3231: $? = 0
configure:3244: result: none needed
configure:3282: checking for an oasys installation (version 1.5 or better)
configure:3478: gcc -o conftest -g -O2 -I/home/root/DTN2/oasys/include   /home/root/DTN2/oasys/lib/liboasys-1.6.0.a conftest.c  >&5
configure:3478: $? = 0
configure:3480: result: ../oasys
configure:3619: checking how to run the C preprocessor
configure:3650: gcc -E  conftest.c
configure:3650: $? = 0
configure:3664: gcc -E  conftest.c
conftest.c:12:28: fatal error: ac_nonexistent.h: No such file or directory
 #include <ac_nonexistent.h>
                            ^
compilation terminated.
configure:3664: $? = 1
configure: failed program was:
| /* confdefs.h */
| #define PACKAGE_NAME ""
| #define PACKAGE_TARNAME ""
| #define PACKAGE_VERSION ""
| #define PACKAGE_STRING ""
| #define PACKAGE_BUGREPORT ""
| #define PACKAGE_URL ""
| #define DTN_CONFIG_STATE 1
| #define INSTALL_SYSCONFDIR "/etc"
| #define INSTALL_LOCALSTATEDIR "/var"
| /* end confdefs.h.  */
| #include <ac_nonexistent.h>
configure:3689: result: gcc -E
configure:3709: gcc -E  conftest.c
configure:3709: $? = 0
configure:3723: gcc -E  conftest.c
conftest.c:12:28: fatal error: ac_nonexistent.h: No such file or directory
 #include <ac_nonexistent.h>
                            ^
compilation terminated.
configure:3723: $? = 1
configure: failed program was:
| /* confdefs.h */
| #define PACKAGE_NAME ""
| #define PACKAGE_TARNAME ""
| #define PACKAGE_VERSION ""
| #define PACKAGE_STRING ""
| #define PACKAGE_BUGREPORT ""
| #define PACKAGE_URL ""
| #define DTN_CONFIG_STATE 1
| #define INSTALL_SYSCONFDIR "/etc"
| #define INSTALL_LOCALSTATEDIR "/var"
| /* end confdefs.h.  */
| #include <ac_nonexistent.h>
configure:3752: checking for grep that handles long lines and -e
configure:3810: result: /bin/grep
configure:3815: checking for egrep
configure:3877: result: /bin/grep -E
configure:3882: checking for ANSI C header files
configure:3902: gcc -c -g -O2  conftest.c >&5
configure:3902: $? = 0
configure:3975: gcc -o conftest -g -O2   conftest.c  >&5
configure:3975: $? = 0
configure:3975: ./conftest
configure:3975: $? = 0
configure:3986: result: yes
configure:3999: checking for sys/types.h
configure:3999: gcc -c -g -O2  conftest.c >&5
configure:3999: $? = 0
configure:3999: result: yes
configure:3999: checking for sys/stat.h
configure:3999: gcc -c -g -O2  conftest.c >&5
configure:3999: $? = 0
configure:3999: result: yes
configure:3999: checking for stdlib.h
configure:3999: gcc -c -g -O2  conftest.c >&5
configure:3999: $? = 0
configure:3999: result: yes
configure:3999: checking for string.h
configure:3999: gcc -c -g -O2  conftest.c >&5
configure:3999: $? = 0
configure:3999: result: yes
configure:3999: checking for memory.h
configure:3999: gcc -c -g -O2  conftest.c >&5
configure:3999: $? = 0
configure:3999: result: yes
configure:3999: checking for strings.h
configure:3999: gcc -c -g -O2  conftest.c >&5
configure:3999: $? = 0
configure:3999: result: yes
configure:3999: checking for inttypes.h
configure:3999: gcc -c -g -O2  conftest.c >&5
configure:3999: $? = 0
configure:3999: result: yes
configure:3999: checking for stdint.h
configure:3999: gcc -c -g -O2  conftest.c >&5
configure:3999: $? = 0
configure:3999: result: yes
configure:3999: checking for unistd.h
configure:3999: gcc -c -g -O2  conftest.c >&5
configure:3999: $? = 0
configure:3999: result: yes
configure:4025: checking whether bonjour support should be enabled
configure:4034: result: try
configure:4046: checking searching for the bonjour library development headers
configure:4050: checking dns_sd.h usability
configure:4050: gcc -c   conftest.c >&5
configure:4050: $? = 0
configure:4050: result: yes
configure:4050: checking dns_sd.h presence
configure:4050: gcc -E  conftest.c
configure:4050: $? = 0
configure:4050: result: yes
configure:4050: checking for dns_sd.h
configure:4050: result: yes
configure:4063: checking for library containing DNSServiceRegister
configure:4094: gcc -o conftest    conftest.c  >&5
/tmp/ccu8bkr6.o: In function `main':
conftest.c:(.text+0x12): undefined reference to `DNSServiceRegister'
collect2: error: ld returned 1 exit status
configure:4094: $? = 1
configure: failed program was:
| /* confdefs.h */
| #define PACKAGE_NAME ""
| #define PACKAGE_TARNAME ""
| #define PACKAGE_VERSION ""
| #define PACKAGE_STRING ""
| #define PACKAGE_BUGREPORT ""
| #define PACKAGE_URL ""
| #define DTN_CONFIG_STATE 1
| #define INSTALL_SYSCONFDIR "/etc"
| #define INSTALL_LOCALSTATEDIR "/var"
| #define STDC_HEADERS 1
| #define HAVE_SYS_TYPES_H 1
| #define HAVE_SYS_STAT_H 1
| #define HAVE_STDLIB_H 1
| #define HAVE_STRING_H 1
| #define HAVE_MEMORY_H 1
| #define HAVE_STRINGS_H 1
| #define HAVE_INTTYPES_H 1
| #define HAVE_STDINT_H 1
| #define HAVE_UNISTD_H 1
| #define HAVE_DNS_SD_H 1
| /* end confdefs.h.  */
| 
| /* Override any GCC internal prototype to avoid an error.
|    Use char because int might match the return type of a GCC
|    builtin and then its argument prototype would still apply.  */
| #ifdef __cplusplus
| extern "C"
| #endif
| char DNSServiceRegister ();
| int
| main ()
| {
| return DNSServiceRegister ();
|   ;
|   return 0;
| }
configure:4094: gcc -o conftest    conftest.c -ldns_sd   >&5
configure:4094: $? = 0
configure:4111: result: -ldns_sd
configure:4140: checking whether bonjour support was found
configure:4146: result: yes
configure:4185: checking whether to enable external convergence layer support
configure:4188: result: no
configure:4258: checking whether to enable external decision plane support
configure:4261: result: no
configure:4381: checking for g++
configure:4397: found /usr/bin/g++
configure:4408: result: g++
configure:4435: checking for C++ compiler version
configure:4444: g++ --version >&5
g++ (GCC) 4.9.1
Copyright (C) 2014 Free Software Foundation, Inc.
This is free software; see the source for copying conditions.  There is NO
warranty; not even for MERCHANTABILITY or FITNESS FOR A PARTICULAR PURPOSE.

configure:4455: $? = 0
configure:4444: g++ -v >&5
Using built-in specs.
COLLECT_GCC=g++
COLLECT_LTO_WRAPPER=/usr/lib/gcc/gcc/i586-poky-linux/4.9.1/lto-wrapper
Target: i586-poky-linux
Configured with: /home/pokybuild/yocto-autobuilder/yocto-worker/quark-multilib/build/build/tmp/work-shared/gcc-4.9.1-r0/gcc-4.9.1/configure --build=x86_64-linux --host=i586-poky-linux --target=i586-poky-linux --prefix=/usr --exec_prefix=/usr --bindir=/usr/bin --sbindir=/usr/sbin --libexecdir=/usr/lib/gcc --datadir=/usr/share --sysconfdir=/etc --sharedstatedir=/com --localstatedir=/var --libdir=/usr/lib --includedir=/usr/include --oldincludedir=/usr/include --infodir=/usr/share/info --mandir=/usr/share/man --disable-silent-rules --disable-dependency-tracking --with-libtool-sysroot=/home/pokybuild/yocto-autobuilder/yocto-worker/quark-multilib/build/build/tmp/sysroots/quark --with-gnu-ld --enable-shared --enable-languages=c,c++ --enable-threads=posix --enable-multilib --enable-c99 --enable-long-long --enable-symvers=gnu --enable-libstdcxx-pch --program-prefix=i586-poky-linux- --without-local-prefix --enable-target-optspace --enable-lto --enable-libssp --disable-bootstrap --disable-libmudflap --with-system-zlib --with-linker-hash-style=gnu --enable-linker-build-id --with-ppl=no --with-cloog=no --enable-checking=release --enable-cheaders=c_global --with-sysroot=/ --with-build-sysroot=/home/pokybuild/yocto-autobuilder/yocto-worker/quark-multilib/build/build/tmp/sysroots/quark --with-native-system-header-dir=/home/pokybuild/yocto-autobuilder/yocto-worker/quark-multilib/build/build/tmp/sysroots/quark/usr/include --with-gxx-include-dir=/usr/include/c++/4.9.1 --enable-targets=all --enable-nls --enable-__cxa_atexit
Thread model: posix
gcc version 4.9.1 (GCC) 
configure:4455: $? = 0
configure:4444: g++ -V >&5
g++: error: unrecognized command line option '-V'
g++: fatal error: no input files
compilation terminated.
configure:4455: $? = 1
configure:4444: g++ -qversion >&5
g++: error: unrecognized command line option '-qversion'
g++: fatal error: no input files
compilation terminated.
configure:4455: $? = 1
configure:4459: checking whether we are using the GNU C++ compiler
configure:4478: g++ -c   conftest.cpp >&5
configure:4478: $? = 0
configure:4487: result: yes
configure:4496: checking whether g++ accepts -g
configure:4516: g++ -c -g  conftest.cpp >&5
configure:4516: $? = 0
configure:4557: result: yes
configure:4592: checking whether to enable NORM convergence layer support
configure:4596: result: no
configure:4703: checking whether to enable LTP convergence layer support
configure:4707: result: no
configure:4802: checking for --enable-scriptapis
configure:4814: result: no
configure:4831: checking whether odbc support should be enabled (needs ODBC version >= 3.51)
configure:4841: result: try
configure:4886: checking for ODBC in /usr/include, /usr/lib, -lodbc
configure:4908: g++ -o conftest -g -O2 -I/usr/include -L/usr/lib conftest.cpp -lodbc  >&5
conftest.cpp:25:46: fatal error: /usr/include/sql.h: No such file or directory
                 #include "/usr/include/sql.h"
                                              ^
compilation terminated.
configure:4908: $? = 1
configure: failed program was:
| /* confdefs.h */
| #define PACKAGE_NAME ""
| #define PACKAGE_TARNAME ""
| #define PACKAGE_VERSION ""
| #define PACKAGE_STRING ""
| #define PACKAGE_BUGREPORT ""
| #define PACKAGE_URL ""
| #define DTN_CONFIG_STATE 1
| #define INSTALL_SYSCONFDIR "/etc"
| #define INSTALL_LOCALSTATEDIR "/var"
| #define STDC_HEADERS 1
| #define HAVE_SYS_TYPES_H 1
| #define HAVE_SYS_STAT_H 1
| #define HAVE_STDLIB_H 1
| #define HAVE_STRING_H 1
| #define HAVE_MEMORY_H 1
| #define HAVE_STRINGS_H 1
| #define HAVE_INTTYPES_H 1
| #define HAVE_STDINT_H 1
| #define HAVE_UNISTD_H 1
| #define HAVE_DNS_SD_H 1
| #define OASYS_BONJOUR_ENABLED 1
| /* end confdefs.h.  */
| 
|                 #include "/usr/include/sql.h"
|                 #include "/usr/include/sqlext.h"
|                 #include "/usr/include/sqltypes.h"
|                 #include "/usr/include/sqlucode.h"
| 
| int
| main ()
| {
| 
|                 SQLHENV henv;
|                 SQLAllocHandle( SQL_HANDLE_ENV, SQL_NULL_HANDLE, &henv );
|                 SQLFreeHandle( SQL_HANDLE_ENV, henv );
| 
|   ;
|   return 0;
| }
configure:4919: result: no
configure:4886: checking for ODBC in /usr/local/include, /usr/lib, -lodbc
configure:4908: g++ -o conftest -g -O2 -I/usr/local/include -L/usr/lib conftest.cpp -lodbc  >&5
conftest.cpp:25:52: fatal error: /usr/local/include/sql.h: No such file or directory
                 #include "/usr/local/include/sql.h"
                                                    ^
compilation terminated.
configure:4908: $? = 1
configure: failed program was:
| /* confdefs.h */
| #define PACKAGE_NAME ""
| #define PACKAGE_TARNAME ""
| #define PACKAGE_VERSION ""
| #define PACKAGE_STRING ""
| #define PACKAGE_BUGREPORT ""
| #define PACKAGE_URL ""
| #define DTN_CONFIG_STATE 1
| #define INSTALL_SYSCONFDIR "/etc"
| #define INSTALL_LOCALSTATEDIR "/var"
| #define STDC_HEADERS 1
| #define HAVE_SYS_TYPES_H 1
| #define HAVE_SYS_STAT_H 1
| #define HAVE_STDLIB_H 1
| #define HAVE_STRING_H 1
| #define HAVE_MEMORY_H 1
| #define HAVE_STRINGS_H 1
| #define HAVE_INTTYPES_H 1
| #define HAVE_STDINT_H 1
| #define HAVE_UNISTD_H 1
| #define HAVE_DNS_SD_H 1
| #define OASYS_BONJOUR_ENABLED 1
| /* end confdefs.h.  */
| 
|                 #include "/usr/local/include/sql.h"
|                 #include "/usr/local/include/sqlext.h"
|                 #include "/usr/local/include/sqltypes.h"
|                 #include "/usr/local/include/sqlucode.h"
| 
| int
| main ()
| {
| 
|                 SQLHENV henv;
|                 SQLAllocHandle( SQL_HANDLE_ENV, SQL_NULL_HANDLE, &henv );
|                 SQLFreeHandle( SQL_HANDLE_ENV, henv );
| 
|   ;
|   return 0;
| }
configure:4919: result: no
configure:4974: checking whether libodbc was found
configure:4980: result: no
configure:5064: checking how to run the C++ preprocessor
configure:5091: g++ -E  conftest.cpp
configure:5091: $? = 0
configure:5105: g++ -E  conftest.cpp
conftest.cpp:24:28: fatal error: ac_nonexistent.h: No such file or directory
 #include <ac_nonexistent.h>
                            ^
compilation terminated.
configure:5105: $? = 1
configure: failed program was:
| /* confdefs.h */
| #define PACKAGE_NAME ""
| #define PACKAGE_TARNAME ""
| #define PACKAGE_VERSION ""
| #define PACKAGE_STRING ""
| #define PACKAGE_BUGREPORT ""
| #define PACKAGE_URL ""
| #define DTN_CONFIG_STATE 1
| #define INSTALL_SYSCONFDIR "/etc"
| #define INSTALL_LOCALSTATEDIR "/var"
| #define STDC_HEADERS 1
| #define HAVE_SYS_TYPES_H 1
| #define HAVE_SYS_STAT_H 1
| #define HAVE_STDLIB_H 1
| #define HAVE_STRING_H 1
| #define HAVE_MEMORY_H 1
| #define HAVE_STRINGS_H 1
| #define HAVE_INTTYPES_H 1
| #define HAVE_STDINT_H 1
| #define HAVE_UNISTD_H 1
| #define HAVE_DNS_SD_H 1
| #define OASYS_BONJOUR_ENABLED 1
| /* end confdefs.h.  */
| #include <ac_nonexistent.h>
configure:5130: result: g++ -E
configure:5150: g++ -E  conftest.cpp
configure:5150: $? = 0
configure:5164: g++ -E  conftest.cpp
conftest.cpp:24:28: fatal error: ac_nonexistent.h: No such file or directory
 #include <ac_nonexistent.h>
                            ^
compilation terminated.
configure:5164: $? = 1
configure: failed program was:
| /* confdefs.h */
| #define PACKAGE_NAME ""
| #define PACKAGE_TARNAME ""
| #define PACKAGE_VERSION ""
| #define PACKAGE_STRING ""
| #define PACKAGE_BUGREPORT ""
| #define PACKAGE_URL ""
| #define DTN_CONFIG_STATE 1
| #define INSTALL_SYSCONFDIR "/etc"
| #define INSTALL_LOCALSTATEDIR "/var"
| #define STDC_HEADERS 1
| #define HAVE_SYS_TYPES_H 1
| #define HAVE_SYS_STAT_H 1
| #define HAVE_STDLIB_H 1
| #define HAVE_STRING_H 1
| #define HAVE_MEMORY_H 1
| #define HAVE_STRINGS_H 1
| #define HAVE_INTTYPES_H 1
| #define HAVE_STDINT_H 1
| #define HAVE_UNISTD_H 1
| #define HAVE_DNS_SD_H 1
| #define OASYS_BONJOUR_ENABLED 1
| /* end confdefs.h.  */
| #include <ac_nonexistent.h>
configure:5442: checking for a C compiler (trying gcc)
configure:5444: result: 
configure:5558: checking for C compiler version
configure:5567: gcc --version >&5
gcc (GCC) 4.9.1
Copyright (C) 2014 Free Software Foundation, Inc.
This is free software; see the source for copying conditions.  There is NO
warranty; not even for MERCHANTABILITY or FITNESS FOR A PARTICULAR PURPOSE.

configure:5578: $? = 0
configure:5567: gcc -v >&5
Using built-in specs.
COLLECT_GCC=gcc
COLLECT_LTO_WRAPPER=/usr/lib/gcc/gcc/i586-poky-linux/4.9.1/lto-wrapper
Target: i586-poky-linux
Configured with: /home/pokybuild/yocto-autobuilder/yocto-worker/quark-multilib/build/build/tmp/work-shared/gcc-4.9.1-r0/gcc-4.9.1/configure --build=x86_64-linux --host=i586-poky-linux --target=i586-poky-linux --prefix=/usr --exec_prefix=/usr --bindir=/usr/bin --sbindir=/usr/sbin --libexecdir=/usr/lib/gcc --datadir=/usr/share --sysconfdir=/etc --sharedstatedir=/com --localstatedir=/var --libdir=/usr/lib --includedir=/usr/include --oldincludedir=/usr/include --infodir=/usr/share/info --mandir=/usr/share/man --disable-silent-rules --disable-dependency-tracking --with-libtool-sysroot=/home/pokybuild/yocto-autobuilder/yocto-worker/quark-multilib/build/build/tmp/sysroots/quark --with-gnu-ld --enable-shared --enable-languages=c,c++ --enable-threads=posix --enable-multilib --enable-c99 --enable-long-long --enable-symvers=gnu --enable-libstdcxx-pch --program-prefix=i586-poky-linux- --without-local-prefix --enable-target-optspace --enable-lto --enable-libssp --disable-bootstrap --disable-libmudflap --with-system-zlib --with-linker-hash-style=gnu --enable-linker-build-id --with-ppl=no --with-cloog=no --enable-checking=release --enable-cheaders=c_global --with-sysroot=/ --with-build-sysroot=/home/pokybuild/yocto-autobuilder/yocto-worker/quark-multilib/build/build/tmp/sysroots/quark --with-native-system-header-dir=/home/pokybuild/yocto-autobuilder/yocto-worker/quark-multilib/build/build/tmp/sysroots/quark/usr/include --with-gxx-include-dir=/usr/include/c++/4.9.1 --enable-targets=all --enable-nls --enable-__cxa_atexit
Thread model: posix
gcc version 4.9.1 (GCC) 
configure:5578: $? = 0
configure:5567: gcc -V >&5
gcc: error: unrecognized command line option '-V'
gcc: fatal error: no input files
compilation terminated.
configure:5578: $? = 1
configure:5567: gcc -qversion >&5
gcc: error: unrecognized command line option '-qversion'
gcc: fatal error: no input files
compilation terminated.
configure:5578: $? = 1
configure:5582: checking whether we are using the GNU C compiler
configure:5610: result: yes
configure:5619: checking whether gcc accepts -g
configure:5680: result: yes
configure:5697: checking for gcc option to accept ISO C89
configure:5773: result: none needed
configure:5794: checking for a C++ compiler (trying g++)
configure:5796: result: 
configure:5910: checking for C++ compiler version
configure:5919: g++ --version >&5
g++ (GCC) 4.9.1
Copyright (C) 2014 Free Software Foundation, Inc.
This is free software; see the source for copying conditions.  There is NO
warranty; not even for MERCHANTABILITY or FITNESS FOR A PARTICULAR PURPOSE.

configure:5930: $? = 0
configure:5919: g++ -v >&5
Using built-in specs.
COLLECT_GCC=g++
COLLECT_LTO_WRAPPER=/usr/lib/gcc/gcc/i586-poky-linux/4.9.1/lto-wrapper
Target: i586-poky-linux
Configured with: /home/pokybuild/yocto-autobuilder/yocto-worker/quark-multilib/build/build/tmp/work-shared/gcc-4.9.1-r0/gcc-4.9.1/configure --build=x86_64-linux --host=i586-poky-linux --target=i586-poky-linux --prefix=/usr --exec_prefix=/usr --bindir=/usr/bin --sbindir=/usr/sbin --libexecdir=/usr/lib/gcc --datadir=/usr/share --sysconfdir=/etc --sharedstatedir=/com --localstatedir=/var --libdir=/usr/lib --includedir=/usr/include --oldincludedir=/usr/include --infodir=/usr/share/info --mandir=/usr/share/man --disable-silent-rules --disable-dependency-tracking --with-libtool-sysroot=/home/pokybuild/yocto-autobuilder/yocto-worker/quark-multilib/build/build/tmp/sysroots/quark --with-gnu-ld --enable-shared --enable-languages=c,c++ --enable-threads=posix --enable-multilib --enable-c99 --enable-long-long --enable-symvers=gnu --enable-libstdcxx-pch --program-prefix=i586-poky-linux- --without-local-prefix --enable-target-optspace --enable-lto --enable-libssp --disable-bootstrap --disable-libmudflap --with-system-zlib --with-linker-hash-style=gnu --enable-linker-build-id --with-ppl=no --with-cloog=no --enable-checking=release --enable-cheaders=c_global --with-sysroot=/ --with-build-sysroot=/home/pokybuild/yocto-autobuilder/yocto-worker/quark-multilib/build/build/tmp/sysroots/quark --with-native-system-header-dir=/home/pokybuild/yocto-autobuilder/yocto-worker/quark-multilib/build/build/tmp/sysroots/quark/usr/include --with-gxx-include-dir=/usr/include/c++/4.9.1 --enable-targets=all --enable-nls --enable-__cxa_atexit
Thread model: posix
gcc version 4.9.1 (GCC) 
configure:5930: $? = 0
configure:5919: g++ -V >&5
g++: error: unrecognized command line option '-V'
g++: fatal error: no input files
compilation terminated.
configure:5930: $? = 1
configure:5919: g++ -qversion >&5
g++: error: unrecognized command line option '-qversion'
g++: fatal error: no input files
compilation terminated.
configure:5930: $? = 1
configure:5934: checking whether we are using the GNU C++ compiler
configure:5962: result: yes
configure:5971: checking whether g++ accepts -g
configure:6032: result: yes
configure:6056: checking whether the C++ compiler works
configure:6075: g++ -o conftest -g -O2   conftest.cpp  >&5
configure:6075: $? = 0
configure:6076: result: yes
configure:6100: checking how to run the C preprocessor
configure:6170: result: gcc -E
configure:6190: gcc -E  conftest.c
configure:6190: $? = 0
configure:6204: gcc -E  conftest.c
conftest.c:25:28: fatal error: ac_nonexistent.h: No such file or directory
 #include <ac_nonexistent.h>
                            ^
compilation terminated.
configure:6204: $? = 1
configure: failed program was:
| /* confdefs.h */
| #define PACKAGE_NAME ""
| #define PACKAGE_TARNAME ""
| #define PACKAGE_VERSION ""
| #define PACKAGE_STRING ""
| #define PACKAGE_BUGREPORT ""
| #define PACKAGE_URL ""
| #define DTN_CONFIG_STATE 1
| #define INSTALL_SYSCONFDIR "/etc"
| #define INSTALL_LOCALSTATEDIR "/var"
| #define STDC_HEADERS 1
| #define HAVE_SYS_TYPES_H 1
| #define HAVE_SYS_STAT_H 1
| #define HAVE_STDLIB_H 1
| #define HAVE_STRING_H 1
| #define HAVE_MEMORY_H 1
| #define HAVE_STRINGS_H 1
| #define HAVE_INTTYPES_H 1
| #define HAVE_STDINT_H 1
| #define HAVE_UNISTD_H 1
| #define HAVE_DNS_SD_H 1
| #define OASYS_BONJOUR_ENABLED 1
| #define BPQ_ENABLED 1
| /* end confdefs.h.  */
| #include <ac_nonexistent.h>
configure:6233: checking for the version of the GNU C compiler
configure:6242: result: 4.9
configure:6245: checking for the version of the GNU C++ compiler
configure:6254: result: 4.9
configure:6340: checking for ar
configure:6356: found /usr/bin/ar
configure:6367: result: ar
configure:6432: checking for ranlib
configure:6448: found /usr/bin/ranlib
configure:6459: result: ranlib
configure:6495: checking whether to compile with debugging
configure:6497: result: no
configure:6516: checking whether to compile with memory debugging
configure:6518: result: no
configure:6537: checking whether to compile with lock debugging (default no)
configure:6539: result: no
configure:6559: checking whether to compile with optimization
configure:6561: result: no
configure:6582: checking whether to compile with profiling
configure:6584: result: no
configure:6601: checking whether to link statically
configure:6603: result: no
configure:6614: checking whether to link using static external libraries
configure:6616: result: no
configure:6628: checking whether to try to build shared libraries
configure:6643: result: yes
configure:6654: checking whether the compiler supports -fPIC
configure:6660: g++ -c -g -O2  conftest.cpp >&5
configure:6660: $? = 0
configure:6666: result: yes
configure:6672: checking whether the compiler can link a dynamic library with -shared
configure:6679: g++ -o conftest -g -O2  -shared  conftest.cpp  >&5
configure:6679: $? = 0
configure:6686: result: yes
configure:6694: checking extension for dynamic libraries
configure:6706: result: so
configure:6709: checking if the compiler supports -Wl,--rpath=.
configure:6716: g++ -o conftest -g -O2  -shared  -Wl,-rpath=/foo conftest.cpp  >&5
configure:6716: $? = 0
configure:6723: result: yes
configure:6945: creating ./config.status

## ---------------------- ##
## Running config.status. ##
## ---------------------- ##

This file was extended by config.status, which was
generated by GNU Autoconf 2.69.  Invocation command line was

  CONFIG_FILES    = 
  CONFIG_HEADERS  = 
  CONFIG_LINKS    = 
  CONFIG_COMMANDS = 
  $ ./config.status 

on galileo

config.status:850: creating Rules.make
config.status:850: creating System.make
config.status:850: creating servlib/ipnd.make
config.status:850: creating dtn-config.h

## ---------------- ##
## Cache variables. ##
## ---------------- ##

ac_cv_c_compiler_gnu=yes
ac_cv_cxx_compiler_gnu=yes
ac_cv_env_CCC_set=
ac_cv_env_CCC_value=
ac_cv_env_CC_set=
ac_cv_env_CC_value=
ac_cv_env_CFLAGS_set=
ac_cv_env_CFLAGS_value=
ac_cv_env_CPPFLAGS_set=
ac_cv_env_CPPFLAGS_value=
ac_cv_env_CPP_set=
ac_cv_env_CPP_value=
ac_cv_env_CXXCPP_set=
ac_cv_env_CXXCPP_value=
ac_cv_env_CXXFLAGS_set=
ac_cv_env_CXXFLAGS_value=
ac_cv_env_CXX_set=
ac_cv_env_CXX_value=
ac_cv_env_LDFLAGS_set=
ac_cv_env_LDFLAGS_value=
ac_cv_env_LIBS_set=
ac_cv_env_LIBS_value=
ac_cv_env_build_alias_set=
ac_cv_env_build_alias_value=
ac_cv_env_host_alias_set=
ac_cv_env_host_alias_value=
ac_cv_env_target_alias_set=
ac_cv_env_target_alias_value=
ac_cv_header_dns_sd_h=yes
ac_cv_header_inttypes_h=yes
ac_cv_header_memory_h=yes
ac_cv_header_stdc=yes
ac_cv_header_stdint_h=yes
ac_cv_header_stdlib_h=yes
ac_cv_header_string_h=yes
ac_cv_header_strings_h=yes
ac_cv_header_sys_stat_h=yes
ac_cv_header_sys_types_h=yes
ac_cv_header_unistd_h=yes
ac_cv_objext=o
ac_cv_path_EGREP='/bin/grep -E'
ac_cv_path_GREP=/bin/grep
ac_cv_prog_CPP='gcc -E'
ac_cv_prog_CXXCPP='g++ -E'
ac_cv_prog_ac_ct_AR=ar
ac_cv_prog_ac_ct_CC=gcc
ac_cv_prog_ac_ct_CXX=g++
ac_cv_prog_ac_ct_RANLIB=ranlib
ac_cv_prog_cc_c89=
ac_cv_prog_cc_g=yes
ac_cv_prog_cxx_g=yes
ac_cv_search_DNSServiceRegister=-ldns_sd
oasys_cv_lib_odbc=
oasys_cv_path_odbc_h=
oasys_cv_path_odbc_lib=
oasys_cv_prog_gccver=4.9
oasys_cv_prog_gxxver=4.9

## ----------------- ##
## Output variables. ##
## ----------------- ##

AR='ar'
BBN_IPND_ENABLED='0'
BUILDDIR='/home/root/DTN2'
BUILD_SYSTEM='Linux'
CC='gcc'
CFLAGS='-g -O2'
CPP='gcc -E'
CPPFLAGS=''
CXX='g++'
CXXCPP='g++ -E'
CXXFLAGS='-g -O2'
DEBUG='-DNDEBUG'
DEFS='-DHAVE_CONFIG_H'
DEPFLAGS='-MMD -MP -MT "$*.o $*.E"'
ECHO_C=''
ECHO_N='-n'
ECHO_T=''
EGREP='/bin/grep -E'
ENABLE_SCRIPT_APIS=''
EXEEXT=''
EXTLIB_CFLAGS=''
EXTLIB_LDFLAGS=' -ldns_sd '
EXTRA_CFLAGS=''
EXTRA_CXXFLAGS=''
EXTRA_LDFLAGS=''
GREP='/bin/grep'
INCFLAGS='-I$(OASYS_INCDIR)/oasys/ext -I$(SRCDIR)/servlib'
LDFLAGS=''
LDFLAGS_SHLIB='-shared -fPIC -DPIC'
LIBOBJS=''
LIBS=''
LTLIBOBJS=''
OASYS_COMPAT_LDFLAGS='/home/root/DTN2/oasys/lib/liboasyscompat-1.6.0.a'
OASYS_ETCDIR='/home/root/DTN2/oasys/share'
OASYS_INCDIR='/home/root/DTN2/oasys/include'
OASYS_LDFLAGS='/home/root/DTN2/oasys/lib/liboasys-1.6.0.a'
OASYS_LDFLAGS_STATIC='/home/root/DTN2/oasys/lib/liboasys-1.6.0.a'
OASYS_LIBDIR='/home/root/DTN2/oasys/lib'
OASYS_VERSION='1.6.0'
OBJEXT='o'
OPTIMIZE=''
OPTIMIZE_WARN=''
PACKAGE_BUGREPORT=''
PACKAGE_NAME=''
PACKAGE_STRING=''
PACKAGE_TARNAME=''
PACKAGE_URL=''
PACKAGE_VERSION=''
PATH_SEPARATOR=':'
PICFLAGS='-fPIC -DPIC'
PROFILE=''
RANLIB='ranlib'
RPATH='-Wl,-rpath=. -Wl,-rpath=$(prefix)/lib'
SHELL='/bin/sh'
SHLIBS='yes'
SHLIB_EXT='so'
SRCDIR='/home/root/DTN2'
STATIC='no'
SYS_EXTLIB_CFLAGS=''
SYS_EXTLIB_LDFLAGS=''
TARGET='native'
ac_ct_CC='gcc'
ac_ct_CXX='g++'
bindir='${exec_prefix}/bin'
build_alias=''
datadir='${datarootdir}'
datarootdir='${prefix}/share'
docdir='${datarootdir}/doc/${PACKAGE}'
dvidir='${docdir}'
exec_prefix='${prefix}'
host_alias=''
htmldir='${docdir}'
includedir='${prefix}/include'
infodir='${datarootdir}/info'
libdir='${exec_prefix}/lib'
libexecdir='${exec_prefix}/libexec'
localedir='${datarootdir}/locale'
localstatedir='/var'
mandir='${datarootdir}/man'
oldincludedir='/usr/include'
pdfdir='${docdir}'
prefix='/usr'
program_transform_name='s,x,x,'
psdir='${docdir}'
sbindir='${exec_prefix}/sbin'
sharedstatedir='${prefix}/com'
sysconfdir='/etc'
target_alias=''

## ----------- ##
## confdefs.h. ##
## ----------- ##

/* confdefs.h */
#define PACKAGE_NAME ""
#define PACKAGE_TARNAME ""
#define PACKAGE_VERSION ""
#define PACKAGE_STRING ""
#define PACKAGE_BUGREPORT ""
#define PACKAGE_URL ""
#define DTN_CONFIG_STATE 1
#define INSTALL_SYSCONFDIR "/etc"
#define INSTALL_LOCALSTATEDIR "/var"
#define STDC_HEADERS 1
#define HAVE_SYS_TYPES_H 1
#define HAVE_SYS_STAT_H 1
#define HAVE_STDLIB_H 1
#define HAVE_STRING_H 1
#define HAVE_MEMORY_H 1
#define HAVE_STRINGS_H 1
#define HAVE_INTTYPES_H 1
#define HAVE_STDINT_H 1
#define HAVE_UNISTD_H 1
#define HAVE_DNS_SD_H 1
#define OASYS_BONJOUR_ENABLED 1
#define BPQ_ENABLED 1

configure: exit 0
